<?xml version="1.0" encoding="UTF-8"?>
<testsuite xmlns:xsi="http://www.w3.org/2001/XMLSchema-instance" xsi:noNamespaceSchemaLocation="https://maven.apache.org/surefire/maven-surefire-plugin/xsd/surefire-test-report-3.0.xsd" version="3.0" name="TestSuite" time="218.519" tests="8" errors="0" skipped="0" failures="0">
  <properties>
    <property name="java.specification.version" value="14"/>
    <property name="webdriver.chrome.driver" value="chromedriver.exe"/>
    <property name="sun.cpu.isalist" value="amd64"/>
    <property name="sun.jnu.encoding" value="Cp1252"/>
    <property name="java.class.path" value="C:\Users\Mypc\Desktop\Maven\springapp\target\test-classes;C:\Users\Mypc\Desktop\Maven\springapp\target\classes;C:\Users\Mypc\.m2\repository\junit\junit\4.11\junit-4.11.jar;C:\Users\Mypc\.m2\repository\org\hamcrest\hamcrest-core\1.3\hamcrest-core-1.3.jar;C:\Users\Mypc\.m2\repository\org\seleniumhq\selenium\selenium-java\3.141.59\selenium-java-3.141.59.jar;C:\Users\Mypc\.m2\repository\org\seleniumhq\selenium\selenium-api\3.141.59\selenium-api-3.141.59.jar;C:\Users\Mypc\.m2\repository\org\seleniumhq\selenium\selenium-chrome-driver\3.141.59\selenium-chrome-driver-3.141.59.jar;C:\Users\Mypc\.m2\repository\org\seleniumhq\selenium\selenium-edge-driver\3.141.59\selenium-edge-driver-3.141.59.jar;C:\Users\Mypc\.m2\repository\org\seleniumhq\selenium\selenium-firefox-driver\3.141.59\selenium-firefox-driver-3.141.59.jar;C:\Users\Mypc\.m2\repository\org\seleniumhq\selenium\selenium-ie-driver\3.141.59\selenium-ie-driver-3.141.59.jar;C:\Users\Mypc\.m2\repository\org\seleniumhq\selenium\selenium-opera-driver\3.141.59\selenium-opera-driver-3.141.59.jar;C:\Users\Mypc\.m2\repository\org\seleniumhq\selenium\selenium-remote-driver\3.141.59\selenium-remote-driver-3.141.59.jar;C:\Users\Mypc\.m2\repository\org\seleniumhq\selenium\selenium-safari-driver\3.141.59\selenium-safari-driver-3.141.59.jar;C:\Users\Mypc\.m2\repository\org\seleniumhq\selenium\selenium-support\3.141.59\selenium-support-3.141.59.jar;C:\Users\Mypc\.m2\repository\net\bytebuddy\byte-buddy\1.8.15\byte-buddy-1.8.15.jar;C:\Users\Mypc\.m2\repository\org\apache\commons\commons-exec\1.3\commons-exec-1.3.jar;C:\Users\Mypc\.m2\repository\com\google\guava\guava\25.0-jre\guava-25.0-jre.jar;C:\Users\Mypc\.m2\repository\com\google\code\findbugs\jsr305\1.3.9\jsr305-1.3.9.jar;C:\Users\Mypc\.m2\repository\org\checkerframework\checker-compat-qual\2.0.0\checker-compat-qual-2.0.0.jar;C:\Users\Mypc\.m2\repository\com\google\errorprone\error_prone_annotations\2.1.3\error_prone_annotations-2.1.3.jar;C:\Users\Mypc\.m2\repository\com\google\j2objc\j2objc-annotations\1.1\j2objc-annotations-1.1.jar;C:\Users\Mypc\.m2\repository\org\codehaus\mojo\animal-sniffer-annotations\1.14\animal-sniffer-annotations-1.14.jar;C:\Users\Mypc\.m2\repository\com\squareup\okhttp3\okhttp\3.11.0\okhttp-3.11.0.jar;C:\Users\Mypc\.m2\repository\com\squareup\okio\okio\1.14.0\okio-1.14.0.jar;C:\Users\Mypc\.m2\repository\org\testng\testng\7.7.1\testng-7.7.1.jar;C:\Users\Mypc\.m2\repository\org\slf4j\slf4j-api\1.7.36\slf4j-api-1.7.36.jar;C:\Users\Mypc\.m2\repository\com\beust\jcommander\1.82\jcommander-1.82.jar;C:\Users\Mypc\.m2\repository\org\webjars\jquery\3.6.1\jquery-3.6.1.jar;"/>
    <property name="java.vm.vendor" value="Oracle Corporation"/>
    <property name="sun.arch.data.model" value="64"/>
    <property name="user.variant" value=""/>
    <property name="java.vendor.url" value="https://java.oracle.com/"/>
    <property name="user.timezone" value="Asia/Calcutta"/>
    <property name="os.name" value="Windows 10"/>
    <property name="java.vm.specification.version" value="14"/>
    <property name="sun.java.launcher" value="SUN_STANDARD"/>
    <property name="user.country" value="US"/>
    <property name="sun.boot.library.path" value="C:\Program Files\Java\jdk-14\bin"/>
    <property name="sun.java.command" value="C:\Users\Mypc\AppData\Local\Temp\surefire1624372570168072072\surefirebooter-20230625173635214_3.jar C:\Users\Mypc\AppData\Local\Temp\surefire1624372570168072072 2023-06-25T17-36-34_648-jvmRun1 surefire-20230625173635214_1tmp surefire_0-20230625173635214_2tmp"/>
    <property name="jdk.debug" value="release"/>
    <property name="surefire.test.class.path" value="C:\Users\Mypc\Desktop\Maven\springapp\target\test-classes;C:\Users\Mypc\Desktop\Maven\springapp\target\classes;C:\Users\Mypc\.m2\repository\junit\junit\4.11\junit-4.11.jar;C:\Users\Mypc\.m2\repository\org\hamcrest\hamcrest-core\1.3\hamcrest-core-1.3.jar;C:\Users\Mypc\.m2\repository\org\seleniumhq\selenium\selenium-java\3.141.59\selenium-java-3.141.59.jar;C:\Users\Mypc\.m2\repository\org\seleniumhq\selenium\selenium-api\3.141.59\selenium-api-3.141.59.jar;C:\Users\Mypc\.m2\repository\org\seleniumhq\selenium\selenium-chrome-driver\3.141.59\selenium-chrome-driver-3.141.59.jar;C:\Users\Mypc\.m2\repository\org\seleniumhq\selenium\selenium-edge-driver\3.141.59\selenium-edge-driver-3.141.59.jar;C:\Users\Mypc\.m2\repository\org\seleniumhq\selenium\selenium-firefox-driver\3.141.59\selenium-firefox-driver-3.141.59.jar;C:\Users\Mypc\.m2\repository\org\seleniumhq\selenium\selenium-ie-driver\3.141.59\selenium-ie-driver-3.141.59.jar;C:\Users\Mypc\.m2\repository\org\seleniumhq\selenium\selenium-opera-driver\3.141.59\selenium-opera-driver-3.141.59.jar;C:\Users\Mypc\.m2\repository\org\seleniumhq\selenium\selenium-remote-driver\3.141.59\selenium-remote-driver-3.141.59.jar;C:\Users\Mypc\.m2\repository\org\seleniumhq\selenium\selenium-safari-driver\3.141.59\selenium-safari-driver-3.141.59.jar;C:\Users\Mypc\.m2\repository\org\seleniumhq\selenium\selenium-support\3.141.59\selenium-support-3.141.59.jar;C:\Users\Mypc\.m2\repository\net\bytebuddy\byte-buddy\1.8.15\byte-buddy-1.8.15.jar;C:\Users\Mypc\.m2\repository\org\apache\commons\commons-exec\1.3\commons-exec-1.3.jar;C:\Users\Mypc\.m2\repository\com\google\guava\guava\25.0-jre\guava-25.0-jre.jar;C:\Users\Mypc\.m2\repository\com\google\code\findbugs\jsr305\1.3.9\jsr305-1.3.9.jar;C:\Users\Mypc\.m2\repository\org\checkerframework\checker-compat-qual\2.0.0\checker-compat-qual-2.0.0.jar;C:\Users\Mypc\.m2\repository\com\google\errorprone\error_prone_annotations\2.1.3\error_prone_annotations-2.1.3.jar;C:\Users\Mypc\.m2\repository\com\google\j2objc\j2objc-annotations\1.1\j2objc-annotations-1.1.jar;C:\Users\Mypc\.m2\repository\org\codehaus\mojo\animal-sniffer-annotations\1.14\animal-sniffer-annotations-1.14.jar;C:\Users\Mypc\.m2\repository\com\squareup\okhttp3\okhttp\3.11.0\okhttp-3.11.0.jar;C:\Users\Mypc\.m2\repository\com\squareup\okio\okio\1.14.0\okio-1.14.0.jar;C:\Users\Mypc\.m2\repository\org\testng\testng\7.7.1\testng-7.7.1.jar;C:\Users\Mypc\.m2\repository\org\slf4j\slf4j-api\1.7.36\slf4j-api-1.7.36.jar;C:\Users\Mypc\.m2\repository\com\beust\jcommander\1.82\jcommander-1.82.jar;C:\Users\Mypc\.m2\repository\org\webjars\jquery\3.6.1\jquery-3.6.1.jar;"/>
    <property name="sun.cpu.endian" value="little"/>
    <property name="user.home" value="C:\Users\Mypc"/>
    <property name="user.language" value="en"/>
    <property name="java.specification.vendor" value="Oracle Corporation"/>
    <property name="java.version.date" value="2020-03-17"/>
    <property name="java.home" value="C:\Program Files\Java\jdk-14"/>
    <property name="file.separator" value="\"/>
    <property name="basedir" value="C:\Users\Mypc\Desktop\Maven\springapp"/>
    <property name="java.vm.compressedOopsMode" value="32-bit"/>
    <property name="line.separator" value="&#10;"/>
    <property name="java.vm.specification.vendor" value="Oracle Corporation"/>
    <property name="java.specification.name" value="Java Platform API Specification"/>
    <property name="surefire.real.class.path" value="C:\Users\Mypc\AppData\Local\Temp\surefire1624372570168072072\surefirebooter-20230625173635214_3.jar"/>
    <property name="user.script" value=""/>
    <property name="sun.management.compiler" value="HotSpot 64-Bit Tiered Compilers"/>
    <property name="java.runtime.version" value="14+36-1461"/>
    <property name="user.name" value="Mypc"/>
    <property name="path.separator" value=";"/>
    <property name="os.version" value="10.0"/>
    <property name="java.runtime.name" value="Java(TM) SE Runtime Environment"/>
    <property name="file.encoding" value="Cp1252"/>
    <property name="java.vm.name" value="Java HotSpot(TM) 64-Bit Server VM"/>
    <property name="localRepository" value="C:\Users\Mypc\.m2\repository"/>
    <property name="java.vendor.url.bug" value="https://bugreport.java.com/bugreport/"/>
    <property name="java.io.tmpdir" value="C:\Users\Mypc\AppData\Local\Temp\"/>
    <property name="java.version" value="14"/>
    <property name="user.dir" value="C:\Users\Mypc\Desktop\Maven\springapp"/>
    <property name="os.arch" value="amd64"/>
    <property name="java.vm.specification.name" value="Java Virtual Machine Specification"/>
    <property name="sun.os.patch.level" value=""/>
    <property name="java.library.path" value="C:\Program Files\Java\jdk-14\bin;C:\WINDOWS\Sun\Java\bin;C:\WINDOWS\system32;C:\WINDOWS;C:\Users\Mypc\bin;E:\Git\mingw64\bin;E:\Git\usr\local\bin;E:\Git\usr\bin;E:\Git\usr\bin;E:\Git\mingw64\bin;E:\Git\usr\bin;C:\Users\Mypc\bin;E:\db_home\bin;C:\WINDOWS\system32;C:\WINDOWS;C:\WINDOWS\System32\Wbem;C:\WINDOWS\System32\WindowsPowerShell\v1.0;C:\WINDOWS\System32\OpenSSH;C:\Program Files\Java\jdk-14\bin;C:\Program Files (x86)\CodeBlocks\MinGW\bin;C:\Users\Mypc\AppData\Local\Android\Sdk\platforms;C:\Users\Mypc\AppData\Local\Android\Sdk\platform-tools;C:\Users\Mypc\AppData\Local\Android\Sdk;C:\Users\Mypc\AppData\Local\Android\Sdk\emulator;E:\Git\cmd;E:\nodejs;C:\Program Files\Maven\apache-maven-3.9.1\bin;C:\Users\Mypc\AppData\Local\Microsoft\WindowsApps;E:\Microsoft VS Code\bin;E:\flutter\bin;C:\Users\Mypc\AppData\Roaming\npm;E:\Git\usr\bin\vendor_perl;E:\Git\usr\bin\core_perl;."/>
    <property name="java.vm.info" value="mixed mode, sharing"/>
    <property name="java.vendor" value="Oracle Corporation"/>
    <property name="java.vm.version" value="14+36-1461"/>
    <property name="sun.io.unicode.encoding" value="UnicodeLittle"/>
    <property name="java.class.version" value="58.0"/>
  </properties>
  <testcase name="AdminLoginWithInValidDetails" classname="TestCaseClasses.LoginTest" time="28.628">
    <system-err><![CDATA[SLF4J: Failed to load class "org.slf4j.impl.StaticLoggerBinder".
SLF4J: Defaulting to no-operation (NOP) logger implementation
SLF4J: See http://www.slf4j.org/codes.html#StaticLoggerBinder for further details.
Starting ChromeDriver 113.0.5672.63 (0e1a4471d5ae5bf128b1bd8f4d627c8cbd55f70c-refs/branch-heads/5672@{#912}) on port 24440
Only local connections are allowed.
Please see https://chromedriver.chromium.org/security-considerations for suggestions on keeping ChromeDriver safe.
ChromeDriver was started successfully.
[1687694818.177][WARNING]: This version of ChromeDriver has not been tested with Chrome version 114.
Jun 25, 2023 5:36:58 PM org.openqa.selenium.remote.ProtocolHandshake createSession
INFO: Detected dialect: W3C
]]></system-err>
  </testcase>
  <testcase name="AdminLoginWithValidDetails" classname="TestCaseClasses.LoginTest" time="19.872"/>
  <testcase name="artistDetails" classname="TestCaseClasses.DashboardDetailsTest" time="2.385">
    <system-out><![CDATA[

|| ADMIN DASHBOARD ||

Artist Details!
1 Maddy maddy@gmail.com 9687987988 2022-12-21 13:31:25 
2 Abir Rajwansh abir@gmail.com 5687987987 2022-12-21 13:31:25 
3 Ryan ryan@gmail.com 7414895623 2023-06-25 11:51:28 
4 Roman roman@gmail.com 1232475869 2023-06-25 11:52:21 
5 Harry harry@gmail.com 2585794613 2023-06-25 11:54:46 
]]></system-out>
  </testcase>
  <testcase name="artTypeDetails" classname="TestCaseClasses.DashboardDetailsTest" time="2.54">
    <system-out><![CDATA[
ArtType Details!
1 Serigraphs 2022-12-21 14:24:46 
2 Prints 2022-12-21 14:25:00 
3 Painting 2022-12-21 14:25:31 
4 Street Art 2022-12-21 14:26:06 
5 Visual art 2022-12-21 14:26:29 
6 Conceptual art 2022-12-21 14:26:45 
7 painting 2023-05-10 04:41:26 
8 illustration 2023-06-16 13:46:00 
]]></system-out>
  </testcase>
  <testcase name="artMediumDetails" classname="TestCaseClasses.DashboardDetailsTest" time="1.82">
    <system-out><![CDATA[
Art Medium Details!
1 Acrylic on canvas 2022-12-22 04:57:34 
2 Resin 2022-12-22 04:58:00 
3 Mixed Media 2022-12-22 06:09:12 
4 Bronze 2022-12-22 06:09:35 
5 Fibre 2022-12-22 06:09:53 
6 Steel 2022-12-22 06:10:16 
7 Metal 2022-12-22 06:10:35 
8 Oil on Canvas 2022-12-22 06:11:31 
9 Oil on Linen 2022-12-22 06:12:12 
10 Acrylics on paper 2022-12-22 06:13:11 
11 Hand-painted on particle wood/MDF 2022-12-22 06:14:03 
]]></system-out>
  </testcase>
  <testcase name="artProductDetails" classname="TestCaseClasses.DashboardDetailsTest" time="26.882">
    <system-out><![CDATA[
Art Product Details!
1 255288886 radhakrishna 2023-06-18 07:58:55 
2 652700923 art 2023-06-18 07:59:55 
3 365300848 night 2023-06-18 08:01:35 
]]></system-out>
  </testcase>
  <testcase name="AnsweredEnquiryDetails" classname="TestCaseClasses.DashboardDetailsTest" time="6.802">
    <system-out><![CDATA[
Answered Enquiry Details!
1 230873611 Anuj kumar 1234567890 2023-01-02 18:16:47 
2 227883179 Amit Kumar 1234434321 2023-01-02 18:42:42 
3 998313640 jon 1234567890 2023-04-26 10:10:24 
4 171166472 Aditya 8888855555 2023-05-24 09:19:36 
5 543169723 Testing 1234567890 2023-05-25 12:18:54 
6 665045238 testing 789456123 2023-05-25 12:20:35 
7 306867496 Testing 1234567890 2023-05-25 12:21:56 
8 533589647 Testing 1234567890 2023-05-25 12:22:00 
9 448409961 Testing 1234567890 2023-05-25 12:22:09 
10 876180677 Testing 1234567890 2023-05-25 12:27:05 
11 523867902 Testing 1234567890 2023-05-25 12:27:08 
12 519521856 Testing 1234567890 2023-05-25 12:27:14 
13 667584876 Testing 1234567890 2023-05-25 12:55:05 
14 748255038 Testing 1234567890 2023-05-25 12:55:09 
15 799454617 Testing 1234567890 2023-05-25 12:55:17 
16 828303732 Testing 1234567890 2023-05-25 13:01:44 
17 705473635 Testing 1234567890 2023-05-25 13:01:49 
18 333060539 Testing 1234567890 2023-05-25 13:02:00 
19 540038133 Testing 1234567890 2023-05-25 13:48:37 
20 945507133 Testing 1234567890 2023-05-26 11:49:53 
21 572235393 Testing 1234567890 2023-05-26 11:49:59 
22 684224274 testing 45 2023-05-26 17:15:07 
23 278875282 test 1234567899 2023-05-27 05:50:49 
24 998417108 abc 123456789 2023-05-27 11:17:23 
25 208128608 vinni 987654321 2023-05-27 16:10:05 
26 222642806 vinni 987654321 2023-05-27 16:58:59 
27 370218747 vinni 987654321 2023-05-27 17:01:16 
28 331090732 vinni 987654321 2023-05-27 17:34:12 
29 355750501 vinni 987654321 2023-05-27 17:39:16 
30 981155165 vinni 987654321 2023-05-27 17:42:58 
31 268452148 vinni 987654321 2023-05-27 17:44:22 
32 886012479 vinni 987654321 2023-05-27 17:48:01 
33 693761903 vinni 987654321 2023-05-27 18:06:12 
34 245631524 vinni 987654321 2023-05-27 18:07:14 
35 178642066 vinni 987654321 2023-05-27 18:10:40 
36 366247800 vinni 987654321 2023-05-27 18:13:05 
37 687545794 vinni 987654321 2023-05-27 18:21:27 
38 231834027 vinni 987654321 2023-05-27 18:23:34 
39 368739310 vinni 987654321 2023-05-27 18:25:39 
40 233625376 vinni 987654321 2023-05-28 05:44:51 
41 316789649 vinni 987654321 2023-05-28 05:47:31 
42 445206498 vinni 987654321 2023-05-28 05:50:54 
43 122869192 abc1 1234567890 2023-05-30 12:52:40 
44 566419047 Chandu 987654321 2023-05-30 13:48:38 
45 147478676 pavan 6543217890 2023-06-20 09:51:07 
46 979979866 vikki 6543217890 2023-06-20 09:53:08 
47 943520245 Nik 8784346229 2023-06-20 14:37:48 
48 669197836 adbcd 99338233 2023-06-21 05:13:34 
49 303769876 Phani 6789453210 2023-06-22 06:06:15 
50 357858383 Raj 9785634120 2023-06-22 09:18:18 
51 428262405 tom 789456123 2023-06-22 13:29:21 
52 627560597 Brock 6546146745 2023-06-24 13:40:59 
53 574904254 Brock 6546146745 2023-06-24 13:47:48 
54 657894725 Richard 6511144564 2023-06-24 13:58:15 
55 902959642 Richard 6511144564 2023-06-24 14:16:23 
56 728414420 Harry 8754219636 2023-06-24 14:20:50 
57 703783046 Harry 8754219636 2023-06-24 14:47:15 
58 500760670 Zayn 1474895623 2023-06-24 14:52:32 
59 472966694 Mark 1232475869 2023-06-24 14:55:58 
60 330034877 Mark 1232475869 2023-06-24 14:59:43 
61 339093102 Robin 2585134679 2023-06-24 15:06:28 
62 105638118 Robin 2585134679 2023-06-25 05:29:08 
63 631171919 Ryan 4516481455 2023-06-25 05:48:05 
64 842007213 Ryan 4516481455 2023-06-25 07:05:48 
65 453083645 Jack 6514175478 2023-06-25 11:37:09 
]]></system-out>
  </testcase>
  <testcase name="UnansweredEnquiryDetails" classname="TestCaseClasses.DashboardDetailsTest" time="8.973">
    <system-out><![CDATA[
Unanswered Enquiry Details!
1 709871969 vinni 987654321 2023-05-28 06:20:00 
2 771966462 vinni 987654321 2023-05-28 06:21:11 
3 310953928 vinni 987654321 2023-05-28 06:23:45 
4 865787408 Test 9876543221 2023-06-09 10:18:37 
5 241976910 Art 9543876530 2023-06-09 10:20:09 
6 597619714 john 8765432910 2023-06-09 10:22:37 
7 177104854 nike 7654321890 2023-06-09 10:25:43 
8 905993477 nikki 8765432190 2023-06-16 04:19:50 
9 611856021 don 9786543220 2023-06-16 04:21:06 
10 652733155 Testing 1234567890 2023-06-16 09:31:33 
11 603562177 Testing 1234567890 2023-06-16 09:31:42 
12 886797367 Testing 1234567890 2023-06-16 09:31:57 
13 389336119 Testing 1234567890 2023-06-16 17:23:23 
14 109180400 Testing 1234567890 2023-06-16 17:23:28 
15 669414861 Vikki 7654321890 2023-06-18 06:31:36 
16 100708724 Sai 8976543201 2023-06-18 06:32:17 
17 826880039 Kiran 6574321980 2023-06-18 06:33:10 
18 409363634 somnath 7685532800 2023-06-20 16:08:17 
19 204353981 teja 8754327895 2023-06-20 16:08:57 
20 216387987 ram 852963741 2023-06-22 11:11:33 
21 371860633 tom 789456123 2023-06-22 11:29:40 
22 694653073 tom 789456123 2023-06-22 11:31:08 
23 208926495 tom 789456123 2023-06-22 11:32:08 
24 653625290 tom 789456123 2023-06-22 11:35:20 
25 491608963 tom 789456123 2023-06-22 13:27:40 
26 564005849 Roman 4741175541 2023-06-24 13:35:54 
]]></system-out>
  </testcase>
</testsuite>