<?xml version="1.0" encoding="UTF-8"?>
<testsuite xmlns:xsi="http://www.w3.org/2001/XMLSchema-instance" xsi:noNamespaceSchemaLocation="https://maven.apache.org/surefire/maven-surefire-plugin/xsd/surefire-test-report-3.0.xsd" version="3.0" name="TestSuite" time="105.223" tests="13" errors="0" skipped="0" failures="0">
  <properties>
    <property name="java.specification.version" value="14"/>
    <property name="webdriver.chrome.driver" value="C:/Users/Mypc/Desktop/Maven/chromedriver.exe"/>
    <property name="sun.cpu.isalist" value="amd64"/>
    <property name="sun.jnu.encoding" value="Cp1252"/>
    <property name="java.class.path" value="C:\Users\Mypc\Desktop\Maven\springapp\target\test-classes;C:\Users\Mypc\Desktop\Maven\springapp\target\classes;C:\Users\Mypc\.m2\repository\junit\junit\4.11\junit-4.11.jar;C:\Users\Mypc\.m2\repository\org\hamcrest\hamcrest-core\1.3\hamcrest-core-1.3.jar;C:\Users\Mypc\.m2\repository\org\seleniumhq\selenium\selenium-java\3.141.59\selenium-java-3.141.59.jar;C:\Users\Mypc\.m2\repository\org\seleniumhq\selenium\selenium-api\3.141.59\selenium-api-3.141.59.jar;C:\Users\Mypc\.m2\repository\org\seleniumhq\selenium\selenium-chrome-driver\3.141.59\selenium-chrome-driver-3.141.59.jar;C:\Users\Mypc\.m2\repository\org\seleniumhq\selenium\selenium-edge-driver\3.141.59\selenium-edge-driver-3.141.59.jar;C:\Users\Mypc\.m2\repository\org\seleniumhq\selenium\selenium-firefox-driver\3.141.59\selenium-firefox-driver-3.141.59.jar;C:\Users\Mypc\.m2\repository\org\seleniumhq\selenium\selenium-ie-driver\3.141.59\selenium-ie-driver-3.141.59.jar;C:\Users\Mypc\.m2\repository\org\seleniumhq\selenium\selenium-opera-driver\3.141.59\selenium-opera-driver-3.141.59.jar;C:\Users\Mypc\.m2\repository\org\seleniumhq\selenium\selenium-remote-driver\3.141.59\selenium-remote-driver-3.141.59.jar;C:\Users\Mypc\.m2\repository\org\seleniumhq\selenium\selenium-safari-driver\3.141.59\selenium-safari-driver-3.141.59.jar;C:\Users\Mypc\.m2\repository\org\seleniumhq\selenium\selenium-support\3.141.59\selenium-support-3.141.59.jar;C:\Users\Mypc\.m2\repository\net\bytebuddy\byte-buddy\1.8.15\byte-buddy-1.8.15.jar;C:\Users\Mypc\.m2\repository\org\apache\commons\commons-exec\1.3\commons-exec-1.3.jar;C:\Users\Mypc\.m2\repository\com\google\guava\guava\25.0-jre\guava-25.0-jre.jar;C:\Users\Mypc\.m2\repository\com\google\code\findbugs\jsr305\1.3.9\jsr305-1.3.9.jar;C:\Users\Mypc\.m2\repository\org\checkerframework\checker-compat-qual\2.0.0\checker-compat-qual-2.0.0.jar;C:\Users\Mypc\.m2\repository\com\google\errorprone\error_prone_annotations\2.1.3\error_prone_annotations-2.1.3.jar;C:\Users\Mypc\.m2\repository\com\google\j2objc\j2objc-annotations\1.1\j2objc-annotations-1.1.jar;C:\Users\Mypc\.m2\repository\org\codehaus\mojo\animal-sniffer-annotations\1.14\animal-sniffer-annotations-1.14.jar;C:\Users\Mypc\.m2\repository\com\squareup\okhttp3\okhttp\3.11.0\okhttp-3.11.0.jar;C:\Users\Mypc\.m2\repository\com\squareup\okio\okio\1.14.0\okio-1.14.0.jar;C:\Users\Mypc\.m2\repository\org\testng\testng\7.7.1\testng-7.7.1.jar;C:\Users\Mypc\.m2\repository\org\slf4j\slf4j-api\1.7.36\slf4j-api-1.7.36.jar;C:\Users\Mypc\.m2\repository\com\beust\jcommander\1.82\jcommander-1.82.jar;C:\Users\Mypc\.m2\repository\org\webjars\jquery\3.6.1\jquery-3.6.1.jar;"/>
    <property name="java.vm.vendor" value="Oracle Corporation"/>
    <property name="sun.arch.data.model" value="64"/>
    <property name="user.variant" value=""/>
    <property name="java.vendor.url" value="https://java.oracle.com/"/>
    <property name="user.timezone" value="Asia/Calcutta"/>
    <property name="os.name" value="Windows 10"/>
    <property name="java.vm.specification.version" value="14"/>
    <property name="sun.java.launcher" value="SUN_STANDARD"/>
    <property name="user.country" value="US"/>
    <property name="sun.boot.library.path" value="C:\Program Files\Java\jdk-14\bin"/>
    <property name="sun.java.command" value="C:\Users\Mypc\AppData\Local\Temp\surefire14211152344491895427\surefirebooter-20230617183732704_3.jar C:\Users\Mypc\AppData\Local\Temp\surefire14211152344491895427 2023-06-17T18-37-31_808-jvmRun1 surefire-20230617183732704_1tmp surefire_0-20230617183732704_2tmp"/>
    <property name="jdk.debug" value="release"/>
    <property name="surefire.test.class.path" value="C:\Users\Mypc\Desktop\Maven\springapp\target\test-classes;C:\Users\Mypc\Desktop\Maven\springapp\target\classes;C:\Users\Mypc\.m2\repository\junit\junit\4.11\junit-4.11.jar;C:\Users\Mypc\.m2\repository\org\hamcrest\hamcrest-core\1.3\hamcrest-core-1.3.jar;C:\Users\Mypc\.m2\repository\org\seleniumhq\selenium\selenium-java\3.141.59\selenium-java-3.141.59.jar;C:\Users\Mypc\.m2\repository\org\seleniumhq\selenium\selenium-api\3.141.59\selenium-api-3.141.59.jar;C:\Users\Mypc\.m2\repository\org\seleniumhq\selenium\selenium-chrome-driver\3.141.59\selenium-chrome-driver-3.141.59.jar;C:\Users\Mypc\.m2\repository\org\seleniumhq\selenium\selenium-edge-driver\3.141.59\selenium-edge-driver-3.141.59.jar;C:\Users\Mypc\.m2\repository\org\seleniumhq\selenium\selenium-firefox-driver\3.141.59\selenium-firefox-driver-3.141.59.jar;C:\Users\Mypc\.m2\repository\org\seleniumhq\selenium\selenium-ie-driver\3.141.59\selenium-ie-driver-3.141.59.jar;C:\Users\Mypc\.m2\repository\org\seleniumhq\selenium\selenium-opera-driver\3.141.59\selenium-opera-driver-3.141.59.jar;C:\Users\Mypc\.m2\repository\org\seleniumhq\selenium\selenium-remote-driver\3.141.59\selenium-remote-driver-3.141.59.jar;C:\Users\Mypc\.m2\repository\org\seleniumhq\selenium\selenium-safari-driver\3.141.59\selenium-safari-driver-3.141.59.jar;C:\Users\Mypc\.m2\repository\org\seleniumhq\selenium\selenium-support\3.141.59\selenium-support-3.141.59.jar;C:\Users\Mypc\.m2\repository\net\bytebuddy\byte-buddy\1.8.15\byte-buddy-1.8.15.jar;C:\Users\Mypc\.m2\repository\org\apache\commons\commons-exec\1.3\commons-exec-1.3.jar;C:\Users\Mypc\.m2\repository\com\google\guava\guava\25.0-jre\guava-25.0-jre.jar;C:\Users\Mypc\.m2\repository\com\google\code\findbugs\jsr305\1.3.9\jsr305-1.3.9.jar;C:\Users\Mypc\.m2\repository\org\checkerframework\checker-compat-qual\2.0.0\checker-compat-qual-2.0.0.jar;C:\Users\Mypc\.m2\repository\com\google\errorprone\error_prone_annotations\2.1.3\error_prone_annotations-2.1.3.jar;C:\Users\Mypc\.m2\repository\com\google\j2objc\j2objc-annotations\1.1\j2objc-annotations-1.1.jar;C:\Users\Mypc\.m2\repository\org\codehaus\mojo\animal-sniffer-annotations\1.14\animal-sniffer-annotations-1.14.jar;C:\Users\Mypc\.m2\repository\com\squareup\okhttp3\okhttp\3.11.0\okhttp-3.11.0.jar;C:\Users\Mypc\.m2\repository\com\squareup\okio\okio\1.14.0\okio-1.14.0.jar;C:\Users\Mypc\.m2\repository\org\testng\testng\7.7.1\testng-7.7.1.jar;C:\Users\Mypc\.m2\repository\org\slf4j\slf4j-api\1.7.36\slf4j-api-1.7.36.jar;C:\Users\Mypc\.m2\repository\com\beust\jcommander\1.82\jcommander-1.82.jar;C:\Users\Mypc\.m2\repository\org\webjars\jquery\3.6.1\jquery-3.6.1.jar;"/>
    <property name="sun.cpu.endian" value="little"/>
    <property name="user.home" value="C:\Users\Mypc"/>
    <property name="user.language" value="en"/>
    <property name="java.specification.vendor" value="Oracle Corporation"/>
    <property name="java.version.date" value="2020-03-17"/>
    <property name="java.home" value="C:\Program Files\Java\jdk-14"/>
    <property name="file.separator" value="\"/>
    <property name="basedir" value="C:\Users\Mypc\Desktop\Maven\springapp"/>
    <property name="java.vm.compressedOopsMode" value="32-bit"/>
    <property name="line.separator" value="&#10;"/>
    <property name="java.vm.specification.vendor" value="Oracle Corporation"/>
    <property name="java.specification.name" value="Java Platform API Specification"/>
    <property name="surefire.real.class.path" value="C:\Users\Mypc\AppData\Local\Temp\surefire14211152344491895427\surefirebooter-20230617183732704_3.jar"/>
    <property name="user.script" value=""/>
    <property name="sun.management.compiler" value="HotSpot 64-Bit Tiered Compilers"/>
    <property name="java.runtime.version" value="14+36-1461"/>
    <property name="user.name" value="Mypc"/>
    <property name="path.separator" value=";"/>
    <property name="os.version" value="10.0"/>
    <property name="java.runtime.name" value="Java(TM) SE Runtime Environment"/>
    <property name="file.encoding" value="Cp1252"/>
    <property name="java.vm.name" value="Java HotSpot(TM) 64-Bit Server VM"/>
    <property name="localRepository" value="C:\Users\Mypc\.m2\repository"/>
    <property name="java.vendor.url.bug" value="https://bugreport.java.com/bugreport/"/>
    <property name="java.io.tmpdir" value="C:\Users\Mypc\AppData\Local\Temp\"/>
    <property name="java.version" value="14"/>
    <property name="user.dir" value="C:\Users\Mypc\Desktop\Maven\springapp"/>
    <property name="os.arch" value="amd64"/>
    <property name="java.vm.specification.name" value="Java Virtual Machine Specification"/>
    <property name="sun.os.patch.level" value=""/>
    <property name="java.library.path" value="C:\Program Files\Java\jdk-14\bin;C:\WINDOWS\Sun\Java\bin;C:\WINDOWS\system32;C:\WINDOWS;C:\Users\Mypc\bin;E:\Git\mingw64\bin;E:\Git\usr\local\bin;E:\Git\usr\bin;E:\Git\usr\bin;E:\Git\mingw64\bin;E:\Git\usr\bin;C:\Users\Mypc\bin;E:\db_home\bin;C:\WINDOWS\system32;C:\WINDOWS;C:\WINDOWS\System32\Wbem;C:\WINDOWS\System32\WindowsPowerShell\v1.0;C:\WINDOWS\System32\OpenSSH;C:\Program Files\Java\jdk-14\bin;C:\Program Files (x86)\CodeBlocks\MinGW\bin;C:\Users\Mypc\AppData\Local\Android\Sdk\platforms;C:\Users\Mypc\AppData\Local\Android\Sdk\platform-tools;C:\Users\Mypc\AppData\Local\Android\Sdk;C:\Users\Mypc\AppData\Local\Android\Sdk\emulator;E:\Git\cmd;E:\nodejs;C:\Program Files\Maven\apache-maven-3.9.1\bin;C:\Users\Mypc\AppData\Local\Microsoft\WindowsApps;C:\Program Files\Java\jdk-14\bin;C:\Users\Mypc\AppData\Local\Android\Sdk;E:\Microsoft VS Code\bin;E:\flutter\bin;C:\Users\Mypc\AppData\Roaming\npm;E:\Git\usr\bin\vendor_perl;E:\Git\usr\bin\core_perl;."/>
    <property name="java.vm.info" value="mixed mode, sharing"/>
    <property name="java.vendor" value="Oracle Corporation"/>
    <property name="java.vm.version" value="14+36-1461"/>
    <property name="sun.io.unicode.encoding" value="UnicodeLittle"/>
    <property name="java.class.version" value="58.0"/>
  </properties>
  <testcase name="AdminLoginWithInValidDetails" classname="TestCaseClasses.LoginTest" time="12.331">
    <system-err><![CDATA[SLF4J: Failed to load class "org.slf4j.impl.StaticLoggerBinder".
SLF4J: Defaulting to no-operation (NOP) logger implementation
SLF4J: See http://www.slf4j.org/codes.html#StaticLoggerBinder for further details.
Starting ChromeDriver 113.0.5672.63 (0e1a4471d5ae5bf128b1bd8f4d627c8cbd55f70c-refs/branch-heads/5672@{#912}) on port 21097
Only local connections are allowed.
Please see https://chromedriver.chromium.org/security-considerations for suggestions on keeping ChromeDriver safe.
ChromeDriver was started successfully.
[1687007264.685][WARNING]: This version of ChromeDriver has not been tested with Chrome version 114.
Jun 17, 2023 6:37:45 PM org.openqa.selenium.remote.ProtocolHandshake createSession
INFO: Detected dialect: W3C
]]></system-err>
  </testcase>
  <testcase name="AdminLoginWithValidDetails" classname="TestCaseClasses.LoginTest" time="3.814"/>
  <testcase name="artistMenu" classname="TestCaseClasses.MenuTest" time="0.295"/>
  <testcase name="artTypeMenu" classname="TestCaseClasses.MenuTest" time="0.07"/>
  <testcase name="mediumOfArtMenu" classname="TestCaseClasses.MenuTest" time="0.061"/>
  <testcase name="artProductMenu" classname="TestCaseClasses.MenuTest" time="0.06"/>
  <testcase name="artistDetails" classname="TestCaseClasses.DashboardDetailsTest" time="2.422">
    <system-out><![CDATA[
Artist Details :
[1, Maddy, maddy@gmail.com, 9687987988, 2022-12-21 13:31:25, Edit || Delete]
[2, Abir Rajwansh, abir@gmail.com, 5687987987, 2022-12-21 13:31:25, Edit || Delete]
[3, Krisna Dutt, krish@gmail.com, 9187987987, 2022-12-21 13:31:25, Edit || Delete]
[4, Kajol Mannati, kajol@gmail.com, 8187987987, 2022-12-21 13:31:25, Edit || Delete]
[5, Meera Singh, meera@gmail.com, 2987987987, 2022-12-21 13:31:25, Edit || Delete]
]]></system-out>
  </testcase>
  <testcase name="artTypeDetails" classname="TestCaseClasses.DashboardDetailsTest" time="2.6">
    <system-out><![CDATA[
Art Type Details :
[1, Serigraphs, 2022-12-21 14:24:46, Edit || Delete]
[2, Prints, 2022-12-21 14:25:00, Edit || Delete]
[3, Painting, 2022-12-21 14:25:31, Edit || Delete]
[4, Street Art, 2022-12-21 14:26:06, Edit || Delete]
[5, Visual art, 2022-12-21 14:26:29, Edit || Delete]
[6, Conceptual art, 2022-12-21 14:26:45, Edit || Delete]
[7, painting, 2023-05-10 04:41:26, Edit || Delete]
[, , , ]
]]></system-out>
  </testcase>
  <testcase name="artMediumDetails" classname="TestCaseClasses.DashboardDetailsTest" time="2.205">
    <system-out><![CDATA[
Art Medium Details :
[1, Acrylic on canvas, 2022-12-22 04:57:34, Edit || Delete]
[2, Resin, 2022-12-22 04:58:00, Edit || Delete]
[3, Mixed Media, 2022-12-22 06:09:12, Edit || Delete]
[4, Bronze, 2022-12-22 06:09:35, Edit || Delete]
[5, Fibre, 2022-12-22 06:09:53, Edit || Delete]
[6, Steel, 2022-12-22 06:10:16, Edit || Delete]
[7, Metal, 2022-12-22 06:10:35, Edit || Delete]
[, , , ]
[, , , ]
[, , , ]
[, , , ]
]]></system-out>
  </testcase>
  <testcase name="artProductDetails" classname="TestCaseClasses.DashboardDetailsTest" time="2.318">
    <system-out><![CDATA[
Art Product Details :
[1, 686429002, Shiv Tandav Painting, , 2022-12-23 04:59:42, Edit || Delete]
[2, 586429004, HKjhkj, , 2022-12-23 05:13:30, Edit || Delete]
[3, 781396628, Sketch, , 2023-04-26 10:17:09, Edit || Delete]
[, , , , , ]
[, , , , , ]
]]></system-out>
  </testcase>
  <testcase name="addArtistTest" classname="TestCaseClasses.ArtistTest" time="7.989"/>
  <testcase name="updateArtistTest" classname="TestCaseClasses.ArtistTest" time="6.439">
    <system-out><![CDATA[
Artist Details :
[1, Maddy, maddy@gmail.com, 9687987988, 2022-12-21 13:31:25, Edit || Delete]
[2, Abir Rajwansh, abir@gmail.com, 5687987987, 2022-12-21 13:31:25, Edit || Delete]
[3, Krisna Dutt, krish@gmail.com, 9187987987, 2022-12-21 13:31:25, Edit || Delete]
[4, Kajol Mannati, kajol@gmail.com, 8187987987, 2022-12-21 13:31:25, Edit || Delete]
[5, Meera Singh, meera@gmail.com, 2987987987, 2022-12-21 13:31:25, Edit || Delete]
[6, Rock, rock@gmail.com, 1234567890, 2023-06-17 13:08:56, Edit || Delete]

Artist Details :
[1, Maddy, maddy@gmail.com, 9687987988, 2022-12-21 13:31:25, Edit || Delete]
[2, Abir Rajwansh, abir@gmail.com, 5687987987, 2022-12-21 13:31:25, Edit || Delete]
[3, Krisna Dutt, krish@gmail.com, 9187987987, 2022-12-21 13:31:25, Edit || Delete]
[4, Kajol Mannati, kajol@gmail.com, 8187987987, 2022-12-21 13:31:25, Edit || Delete]
[5, Meera Singh, meera@gmail.com, 2987987987, 2022-12-21 13:31:25, Edit || Delete]
[6, Rock, rock@gmail.com, 1234567890, 2023-06-17 13:08:56, Edit || Delete]
]]></system-out>
  </testcase>
  <testcase name="deleteArtistTest" classname="TestCaseClasses.ArtistTest" time="6.712">
    <system-out><![CDATA[
Artist Details :
[1, Maddy, maddy@gmail.com, 9687987988, 2022-12-21 13:31:25, Edit || Delete]
[2, Abir Rajwansh, abir@gmail.com, 5687987987, 2022-12-21 13:31:25, Edit || Delete]
[3, Krisna Dutt, krish@gmail.com, 9187987987, 2022-12-21 13:31:25, Edit || Delete]
[4, Kajol Mannati, kajol@gmail.com, 8187987987, 2022-12-21 13:31:25, Edit || Delete]
[5, Meera Singh, meera@gmail.com, 2987987987, 2022-12-21 13:31:25, Edit || Delete]
[6, john, john@gmail.com, 1234567890, 2023-06-17 13:08:56, Edit || Delete]
]]></system-out>
  </testcase>
</testsuite>