<?xml version="1.0" encoding="UTF-8"?>
<testsuite xmlns:xsi="http://www.w3.org/2001/XMLSchema-instance" xsi:noNamespaceSchemaLocation="https://maven.apache.org/surefire/maven-surefire-plugin/xsd/surefire-test-report-3.0.xsd" version="3.0" name="TestSuite" time="32.696" tests="8" errors="0" skipped="0" failures="0">
  <properties>
    <property name="java.specification.version" value="19"/>
    <property name="webdriver.chrome.driver" value="chromedriver.exe"/>
    <property name="sun.cpu.isalist" value="amd64"/>
    <property name="sun.jnu.encoding" value="Cp1252"/>
    <property name="java.class.path" value="D:\Projects\Art Gallery\target\test-classes;D:\Projects\Art Gallery\target\classes;C:\Users\adity\.m2\repository\junit\junit\4.11\junit-4.11.jar;C:\Users\adity\.m2\repository\org\hamcrest\hamcrest-core\1.3\hamcrest-core-1.3.jar;C:\Users\adity\.m2\repository\org\seleniumhq\selenium\selenium-java\3.141.59\selenium-java-3.141.59.jar;C:\Users\adity\.m2\repository\org\seleniumhq\selenium\selenium-api\3.141.59\selenium-api-3.141.59.jar;C:\Users\adity\.m2\repository\org\seleniumhq\selenium\selenium-chrome-driver\3.141.59\selenium-chrome-driver-3.141.59.jar;C:\Users\adity\.m2\repository\org\seleniumhq\selenium\selenium-edge-driver\3.141.59\selenium-edge-driver-3.141.59.jar;C:\Users\adity\.m2\repository\org\seleniumhq\selenium\selenium-firefox-driver\3.141.59\selenium-firefox-driver-3.141.59.jar;C:\Users\adity\.m2\repository\org\seleniumhq\selenium\selenium-ie-driver\3.141.59\selenium-ie-driver-3.141.59.jar;C:\Users\adity\.m2\repository\org\seleniumhq\selenium\selenium-opera-driver\3.141.59\selenium-opera-driver-3.141.59.jar;C:\Users\adity\.m2\repository\org\seleniumhq\selenium\selenium-remote-driver\3.141.59\selenium-remote-driver-3.141.59.jar;C:\Users\adity\.m2\repository\org\seleniumhq\selenium\selenium-safari-driver\3.141.59\selenium-safari-driver-3.141.59.jar;C:\Users\adity\.m2\repository\org\seleniumhq\selenium\selenium-support\3.141.59\selenium-support-3.141.59.jar;C:\Users\adity\.m2\repository\net\bytebuddy\byte-buddy\1.8.15\byte-buddy-1.8.15.jar;C:\Users\adity\.m2\repository\org\apache\commons\commons-exec\1.3\commons-exec-1.3.jar;C:\Users\adity\.m2\repository\com\google\guava\guava\25.0-jre\guava-25.0-jre.jar;C:\Users\adity\.m2\repository\com\google\code\findbugs\jsr305\1.3.9\jsr305-1.3.9.jar;C:\Users\adity\.m2\repository\org\checkerframework\checker-compat-qual\2.0.0\checker-compat-qual-2.0.0.jar;C:\Users\adity\.m2\repository\com\google\errorprone\error_prone_annotations\2.1.3\error_prone_annotations-2.1.3.jar;C:\Users\adity\.m2\repository\com\google\j2objc\j2objc-annotations\1.1\j2objc-annotations-1.1.jar;C:\Users\adity\.m2\repository\org\codehaus\mojo\animal-sniffer-annotations\1.14\animal-sniffer-annotations-1.14.jar;C:\Users\adity\.m2\repository\com\squareup\okhttp3\okhttp\3.11.0\okhttp-3.11.0.jar;C:\Users\adity\.m2\repository\com\squareup\okio\okio\1.14.0\okio-1.14.0.jar;C:\Users\adity\.m2\repository\org\testng\testng\7.7.1\testng-7.7.1.jar;C:\Users\adity\.m2\repository\org\slf4j\slf4j-api\1.7.36\slf4j-api-1.7.36.jar;C:\Users\adity\.m2\repository\com\beust\jcommander\1.82\jcommander-1.82.jar;C:\Users\adity\.m2\repository\org\webjars\jquery\3.6.1\jquery-3.6.1.jar;C:\Users\adity\.m2\repository\com\aventstack\extentreports\4.0.9\extentreports-4.0.9.jar;C:\Users\adity\.m2\repository\org\freemarker\freemarker\2.3.23\freemarker-2.3.23.jar;C:\Users\adity\.m2\repository\org\mongodb\mongodb-driver\3.3.0\mongodb-driver-3.3.0.jar;C:\Users\adity\.m2\repository\org\mongodb\mongodb-driver-core\3.3.0\mongodb-driver-core-3.3.0.jar;C:\Users\adity\.m2\repository\org\mongodb\bson\3.3.0\bson-3.3.0.jar;C:\Users\adity\.m2\repository\org\apache\httpcomponents\httpclient\4.5.2\httpclient-4.5.2.jar;C:\Users\adity\.m2\repository\org\apache\httpcomponents\httpcore\4.4.4\httpcore-4.4.4.jar;C:\Users\adity\.m2\repository\commons-logging\commons-logging\1.2\commons-logging-1.2.jar;C:\Users\adity\.m2\repository\commons-codec\commons-codec\1.9\commons-codec-1.9.jar;C:\Users\adity\.m2\repository\org\apache\httpcomponents\httpmime\4.5.2\httpmime-4.5.2.jar;C:\Users\adity\.m2\repository\com\google\code\gson\gson\2.8.5\gson-2.8.5.jar;"/>
    <property name="java.vm.vendor" value="Oracle Corporation"/>
    <property name="sun.arch.data.model" value="64"/>
    <property name="user.variant" value=""/>
    <property name="java.vendor.url" value="https://java.oracle.com/"/>
    <property name="user.timezone" value="Asia/Calcutta"/>
    <property name="os.name" value="Windows 11"/>
    <property name="java.vm.specification.version" value="19"/>
    <property name="sun.java.launcher" value="SUN_STANDARD"/>
    <property name="user.country" value="IN"/>
    <property name="sun.boot.library.path" value="C:\Program Files\Java\jdk-19\bin"/>
    <property name="sun.java.command" value="C:\Users\adity\AppData\Local\Temp\surefire15436454493136955296\surefirebooter-20230713004115140_3.jar C:\Users\adity\AppData\Local\Temp\surefire15436454493136955296 2023-07-13T00-41-14_682-jvmRun1 surefire-20230713004115140_1tmp surefire_0-20230713004115140_2tmp"/>
    <property name="jdk.debug" value="release"/>
    <property name="surefire.test.class.path" value="D:\Projects\Art Gallery\target\test-classes;D:\Projects\Art Gallery\target\classes;C:\Users\adity\.m2\repository\junit\junit\4.11\junit-4.11.jar;C:\Users\adity\.m2\repository\org\hamcrest\hamcrest-core\1.3\hamcrest-core-1.3.jar;C:\Users\adity\.m2\repository\org\seleniumhq\selenium\selenium-java\3.141.59\selenium-java-3.141.59.jar;C:\Users\adity\.m2\repository\org\seleniumhq\selenium\selenium-api\3.141.59\selenium-api-3.141.59.jar;C:\Users\adity\.m2\repository\org\seleniumhq\selenium\selenium-chrome-driver\3.141.59\selenium-chrome-driver-3.141.59.jar;C:\Users\adity\.m2\repository\org\seleniumhq\selenium\selenium-edge-driver\3.141.59\selenium-edge-driver-3.141.59.jar;C:\Users\adity\.m2\repository\org\seleniumhq\selenium\selenium-firefox-driver\3.141.59\selenium-firefox-driver-3.141.59.jar;C:\Users\adity\.m2\repository\org\seleniumhq\selenium\selenium-ie-driver\3.141.59\selenium-ie-driver-3.141.59.jar;C:\Users\adity\.m2\repository\org\seleniumhq\selenium\selenium-opera-driver\3.141.59\selenium-opera-driver-3.141.59.jar;C:\Users\adity\.m2\repository\org\seleniumhq\selenium\selenium-remote-driver\3.141.59\selenium-remote-driver-3.141.59.jar;C:\Users\adity\.m2\repository\org\seleniumhq\selenium\selenium-safari-driver\3.141.59\selenium-safari-driver-3.141.59.jar;C:\Users\adity\.m2\repository\org\seleniumhq\selenium\selenium-support\3.141.59\selenium-support-3.141.59.jar;C:\Users\adity\.m2\repository\net\bytebuddy\byte-buddy\1.8.15\byte-buddy-1.8.15.jar;C:\Users\adity\.m2\repository\org\apache\commons\commons-exec\1.3\commons-exec-1.3.jar;C:\Users\adity\.m2\repository\com\google\guava\guava\25.0-jre\guava-25.0-jre.jar;C:\Users\adity\.m2\repository\com\google\code\findbugs\jsr305\1.3.9\jsr305-1.3.9.jar;C:\Users\adity\.m2\repository\org\checkerframework\checker-compat-qual\2.0.0\checker-compat-qual-2.0.0.jar;C:\Users\adity\.m2\repository\com\google\errorprone\error_prone_annotations\2.1.3\error_prone_annotations-2.1.3.jar;C:\Users\adity\.m2\repository\com\google\j2objc\j2objc-annotations\1.1\j2objc-annotations-1.1.jar;C:\Users\adity\.m2\repository\org\codehaus\mojo\animal-sniffer-annotations\1.14\animal-sniffer-annotations-1.14.jar;C:\Users\adity\.m2\repository\com\squareup\okhttp3\okhttp\3.11.0\okhttp-3.11.0.jar;C:\Users\adity\.m2\repository\com\squareup\okio\okio\1.14.0\okio-1.14.0.jar;C:\Users\adity\.m2\repository\org\testng\testng\7.7.1\testng-7.7.1.jar;C:\Users\adity\.m2\repository\org\slf4j\slf4j-api\1.7.36\slf4j-api-1.7.36.jar;C:\Users\adity\.m2\repository\com\beust\jcommander\1.82\jcommander-1.82.jar;C:\Users\adity\.m2\repository\org\webjars\jquery\3.6.1\jquery-3.6.1.jar;C:\Users\adity\.m2\repository\com\aventstack\extentreports\4.0.9\extentreports-4.0.9.jar;C:\Users\adity\.m2\repository\org\freemarker\freemarker\2.3.23\freemarker-2.3.23.jar;C:\Users\adity\.m2\repository\org\mongodb\mongodb-driver\3.3.0\mongodb-driver-3.3.0.jar;C:\Users\adity\.m2\repository\org\mongodb\mongodb-driver-core\3.3.0\mongodb-driver-core-3.3.0.jar;C:\Users\adity\.m2\repository\org\mongodb\bson\3.3.0\bson-3.3.0.jar;C:\Users\adity\.m2\repository\org\apache\httpcomponents\httpclient\4.5.2\httpclient-4.5.2.jar;C:\Users\adity\.m2\repository\org\apache\httpcomponents\httpcore\4.4.4\httpcore-4.4.4.jar;C:\Users\adity\.m2\repository\commons-logging\commons-logging\1.2\commons-logging-1.2.jar;C:\Users\adity\.m2\repository\commons-codec\commons-codec\1.9\commons-codec-1.9.jar;C:\Users\adity\.m2\repository\org\apache\httpcomponents\httpmime\4.5.2\httpmime-4.5.2.jar;C:\Users\adity\.m2\repository\com\google\code\gson\gson\2.8.5\gson-2.8.5.jar;"/>
    <property name="sun.cpu.endian" value="little"/>
    <property name="user.home" value="C:\Users\adity"/>
    <property name="user.language" value="en"/>
    <property name="java.specification.vendor" value="Oracle Corporation"/>
    <property name="java.version.date" value="2022-10-18"/>
    <property name="java.home" value="C:\Program Files\Java\jdk-19"/>
    <property name="file.separator" value="\"/>
    <property name="basedir" value="D:\Projects\Art Gallery"/>
    <property name="java.vm.compressedOopsMode" value="32-bit"/>
    <property name="line.separator" value="&#10;"/>
    <property name="java.vm.specification.vendor" value="Oracle Corporation"/>
    <property name="java.specification.name" value="Java Platform API Specification"/>
    <property name="surefire.real.class.path" value="C:\Users\adity\AppData\Local\Temp\surefire15436454493136955296\surefirebooter-20230713004115140_3.jar"/>
    <property name="user.script" value=""/>
    <property name="sun.management.compiler" value="HotSpot 64-Bit Tiered Compilers"/>
    <property name="java.runtime.version" value="19.0.1+10-21"/>
    <property name="user.name" value="Aditya"/>
    <property name="stdout.encoding" value="Cp1252"/>
    <property name="path.separator" value=";"/>
    <property name="os.version" value="10.0"/>
    <property name="java.runtime.name" value="Java(TM) SE Runtime Environment"/>
    <property name="file.encoding" value="UTF-8"/>
    <property name="java.vm.name" value="Java HotSpot(TM) 64-Bit Server VM"/>
    <property name="localRepository" value="C:\Users\adity\.m2\repository"/>
    <property name="java.vendor.url.bug" value="https://bugreport.java.com/bugreport/"/>
    <property name="java.io.tmpdir" value="C:\Users\adity\AppData\Local\Temp\"/>
    <property name="java.version" value="19.0.1"/>
    <property name="user.dir" value="D:\Projects\Art Gallery"/>
    <property name="os.arch" value="amd64"/>
    <property name="java.vm.specification.name" value="Java Virtual Machine Specification"/>
    <property name="sun.os.patch.level" value=""/>
    <property name="native.encoding" value="Cp1252"/>
    <property name="java.library.path" value="C:\Program Files\Java\jdk-19\bin;C:\WINDOWS\Sun\Java\bin;C:\WINDOWS\system32;C:\WINDOWS;C:\Program Files\Common Files\Oracle\Java\javapath;C:\Python311\Scripts\;C:\Python311\;C:\Python310\Scripts\;C:\Python310\;C:\oraclexe\app\oracle\product\10.2.0\server\bin;C:\WINDOWS\system32;C:\WINDOWS;C:\WINDOWS\System32\Wbem;C:\WINDOWS\System32\WindowsPowerShell\v1.0\;C:\WINDOWS\System32\OpenSSH\;C:\Program Files (x86)\mingw-w64\mingw32\bin;C:\Program Files\Dart\dart-sdk\bin;C:\ProgramData\chocolatey\bin;C:\Program Files\Git\cmd;C:\Program Files\Git\bin;C:\Program Files\heroku\bin;C:\Program Files\heroku\client\bin;C:\Program Files\nodejs\;C:\Program Files\Maven\apache-maven-3.9.2\bin;C:\Program Files\MySQL\MySQL Shell 8.0\bin\;C:\Users\adity\AppData\Local\Programs\Python\Python38\Scripts\;C:\Users\adity\AppData\Local\Programs\Python\Python38\;C:\Program Files\JetBrains\PyCharm Community Edition 2020.3.2\bin;;C:\Users\adity\AppData\Local\Microsoft\WindowsApps;C:\Users\adity\AppData\Local\Programs\Microsoft VS Code\bin;C:\Users\adity\AppData\Local\GitHubDesktop\bin;C:\Program Files\heroku\bin;C:\Users\adity\AppData\Roaming\npm;."/>
    <property name="java.vm.info" value="mixed mode, sharing"/>
    <property name="stderr.encoding" value="Cp1252"/>
    <property name="java.vendor" value="Oracle Corporation"/>
    <property name="java.vm.version" value="19.0.1+10-21"/>
    <property name="sun.io.unicode.encoding" value="UnicodeLittle"/>
    <property name="java.class.version" value="63.0"/>
  </properties>
  <testcase name="AdminLoginWithInValidDetails" classname="TestCaseClasses.LoginTest" time="1.966">
    <system-err><![CDATA[SLF4J: Failed to load class "org.slf4j.impl.StaticLoggerBinder".
SLF4J: Defaulting to no-operation (NOP) logger implementation
SLF4J: See http://www.slf4j.org/codes.html#StaticLoggerBinder for further details.
Starting ChromeDriver 113.0.5672.63 (0e1a4471d5ae5bf128b1bd8f4d627c8cbd55f70c-refs/branch-heads/5672@{#912}) on port 53863
Only local connections are allowed.
Please see https://chromedriver.chromium.org/security-considerations for suggestions on keeping ChromeDriver safe.
ChromeDriver was started successfully.
[1689189081.350][WARNING]: This version of ChromeDriver has not been tested with Chrome version 114.
Jul 13, 2023 12:41:21 AM org.openqa.selenium.remote.ProtocolHandshake createSession
INFO: Detected dialect: W3C
]]></system-err>
  </testcase>
  <testcase name="AdminLoginWithValidDetails" classname="TestCaseClasses.LoginTest" time="1.122"/>
  <testcase name="addArtistTest" classname="TestCaseClasses.ArtistTest" time="1.929">
    <system-out><![CDATA[

|| ARTIST ||

Artist Added SuccessFully!
1 Maddy maddy@gmail.com 9687987988 2022-12-21 13:31:25 
2 Abir Rajwansh abir@gmail.com 5687987987 2022-12-21 13:31:25 
3 Ryan ryan@gmail.com 7414895623 2023-06-25 11:51:28 
4 Roman roman@gmail.com 1232475869 2023-06-25 11:52:21 
5 Harry harry@gmail.com 2585794613 2023-06-25 11:54:46 
6 Rock rock@gmail.com 1234567890 2023-07-12 16:55:00 
7 Rock rock@gmail.com 1234567890 2023-07-12 19:11:33 
]]></system-out>
  </testcase>
  <testcase name="updateArtistTest" classname="TestCaseClasses.ArtistTest" time="6.177">
    <system-out><![CDATA[
Artist Updated SuccessFully!
1 Maddy maddy@gmail.com 9687987988 2022-12-21 13:31:25 
2 Abir Rajwansh abir@gmail.com 5687987987 2022-12-21 13:31:25 
3 Ryan ryan@gmail.com 7414895623 2023-06-25 11:51:28 
4 Roman roman@gmail.com 1232475869 2023-06-25 11:52:21 
5 Harry harry@gmail.com 2585794613 2023-06-25 11:54:46 
6 Rock rock@gmail.com 1234567890 2023-07-12 16:55:00 
7 john john@gmail.com 1234567890 2023-07-12 19:11:33 
]]></system-out>
  </testcase>
  <testcase name="deleteArtistTest" classname="TestCaseClasses.ArtistTest" time="0.941">
    <system-out><![CDATA[
Artist Deleted SuccessFully!
1 Maddy maddy@gmail.com 9687987988 2022-12-21 13:31:25 
2 Abir Rajwansh abir@gmail.com 5687987987 2022-12-21 13:31:25 
3 Ryan ryan@gmail.com 7414895623 2023-06-25 11:51:28 
4 Roman roman@gmail.com 1232475869 2023-06-25 11:52:21 
5 Harry harry@gmail.com 2585794613 2023-06-25 11:54:46 
6 Rock rock@gmail.com 1234567890 2023-07-12 16:55:00 
]]></system-out>
  </testcase>
  <testcase name="addArtMediumTest" classname="TestCaseClasses.ArtMediumTest" time="1.295">
    <system-out><![CDATA[

|| ART MEDIUM ||

Art Medium Added SuccessFully!
1 Acrylic on canvas 2022-12-22 04:57:34 
2 Resin 2022-12-22 04:58:00 
3 Mixed Media 2022-12-22 06:09:12 
4 Bronze 2022-12-22 06:09:35 
5 Fibre 2022-12-22 06:09:53 
6 Steel 2022-12-22 06:10:16 
7 Metal 2022-12-22 06:10:35 
8 Oil on Canvas 2022-12-22 06:11:31 
9 Oil on Linen 2022-12-22 06:12:12 
10 Acrylics on paper 2022-12-22 06:13:11 
11 Hand-painted on particle wood/MDF 2022-12-22 06:14:03 
12 Gold 2023-07-12 19:11:41 
]]></system-out>
  </testcase>
  <testcase name="updateArtMediumTest" classname="TestCaseClasses.ArtMediumTest" time="4.054">
    <system-out><![CDATA[
Art Medium Updated SuccessFully!
1 Acrylic on canvas 2022-12-22 04:57:34 
2 Resin 2022-12-22 04:58:00 
3 Mixed Media 2022-12-22 06:09:12 
4 Bronze 2022-12-22 06:09:35 
5 Fibre 2022-12-22 06:09:53 
6 Steel 2022-12-22 06:10:16 
7 Metal 2022-12-22 06:10:35 
8 Oil on Canvas 2022-12-22 06:11:31 
9 Oil on Linen 2022-12-22 06:12:12 
10 Acrylics on paper 2022-12-22 06:13:11 
11 Hand-painted on particle wood/MDF 2022-12-22 06:14:03 
12 Wood and Bronze 2023-07-12 19:11:41 
]]></system-out>
  </testcase>
  <testcase name="deleteArtMediumTest" classname="TestCaseClasses.ArtMediumTest" time="0.916">
    <system-out><![CDATA[
Art Medium Deleted SuccessFully!
1 Acrylic on canvas 2022-12-22 04:57:34 
2 Resin 2022-12-22 04:58:00 
3 Mixed Media 2022-12-22 06:09:12 
4 Bronze 2022-12-22 06:09:35 
5 Fibre 2022-12-22 06:09:53 
6 Steel 2022-12-22 06:10:16 
7 Metal 2022-12-22 06:10:35 
8 Oil on Canvas 2022-12-22 06:11:31 
9 Oil on Linen 2022-12-22 06:12:12 
10 Acrylics on paper 2022-12-22 06:13:11 
11 Hand-painted on particle wood/MDF 2022-12-22 06:14:03 
]]></system-out>
  </testcase>
</testsuite>