<?xml version="1.0" encoding="UTF-8"?>
<testsuite xmlns:xsi="http://www.w3.org/2001/XMLSchema-instance" xsi:noNamespaceSchemaLocation="https://maven.apache.org/surefire/maven-surefire-plugin/xsd/surefire-test-report-3.0.xsd" version="3.0" name="TestSuite" time="707.875" tests="13" errors="0" skipped="0" failures="0">
  <properties>
    <property name="java.specification.version" value="14"/>
    <property name="webdriver.chrome.driver" value="chromedriver.exe"/>
    <property name="sun.cpu.isalist" value="amd64"/>
    <property name="sun.jnu.encoding" value="Cp1252"/>
    <property name="java.class.path" value="C:\Users\Mypc\Desktop\Maven\springapp\target\test-classes;C:\Users\Mypc\Desktop\Maven\springapp\target\classes;C:\Users\Mypc\.m2\repository\junit\junit\4.11\junit-4.11.jar;C:\Users\Mypc\.m2\repository\org\hamcrest\hamcrest-core\1.3\hamcrest-core-1.3.jar;C:\Users\Mypc\.m2\repository\org\seleniumhq\selenium\selenium-java\3.141.59\selenium-java-3.141.59.jar;C:\Users\Mypc\.m2\repository\org\seleniumhq\selenium\selenium-api\3.141.59\selenium-api-3.141.59.jar;C:\Users\Mypc\.m2\repository\org\seleniumhq\selenium\selenium-chrome-driver\3.141.59\selenium-chrome-driver-3.141.59.jar;C:\Users\Mypc\.m2\repository\org\seleniumhq\selenium\selenium-edge-driver\3.141.59\selenium-edge-driver-3.141.59.jar;C:\Users\Mypc\.m2\repository\org\seleniumhq\selenium\selenium-firefox-driver\3.141.59\selenium-firefox-driver-3.141.59.jar;C:\Users\Mypc\.m2\repository\org\seleniumhq\selenium\selenium-ie-driver\3.141.59\selenium-ie-driver-3.141.59.jar;C:\Users\Mypc\.m2\repository\org\seleniumhq\selenium\selenium-opera-driver\3.141.59\selenium-opera-driver-3.141.59.jar;C:\Users\Mypc\.m2\repository\org\seleniumhq\selenium\selenium-remote-driver\3.141.59\selenium-remote-driver-3.141.59.jar;C:\Users\Mypc\.m2\repository\org\seleniumhq\selenium\selenium-safari-driver\3.141.59\selenium-safari-driver-3.141.59.jar;C:\Users\Mypc\.m2\repository\org\seleniumhq\selenium\selenium-support\3.141.59\selenium-support-3.141.59.jar;C:\Users\Mypc\.m2\repository\net\bytebuddy\byte-buddy\1.8.15\byte-buddy-1.8.15.jar;C:\Users\Mypc\.m2\repository\org\apache\commons\commons-exec\1.3\commons-exec-1.3.jar;C:\Users\Mypc\.m2\repository\com\google\guava\guava\25.0-jre\guava-25.0-jre.jar;C:\Users\Mypc\.m2\repository\com\google\code\findbugs\jsr305\1.3.9\jsr305-1.3.9.jar;C:\Users\Mypc\.m2\repository\org\checkerframework\checker-compat-qual\2.0.0\checker-compat-qual-2.0.0.jar;C:\Users\Mypc\.m2\repository\com\google\errorprone\error_prone_annotations\2.1.3\error_prone_annotations-2.1.3.jar;C:\Users\Mypc\.m2\repository\com\google\j2objc\j2objc-annotations\1.1\j2objc-annotations-1.1.jar;C:\Users\Mypc\.m2\repository\org\codehaus\mojo\animal-sniffer-annotations\1.14\animal-sniffer-annotations-1.14.jar;C:\Users\Mypc\.m2\repository\com\squareup\okhttp3\okhttp\3.11.0\okhttp-3.11.0.jar;C:\Users\Mypc\.m2\repository\com\squareup\okio\okio\1.14.0\okio-1.14.0.jar;C:\Users\Mypc\.m2\repository\org\testng\testng\7.7.1\testng-7.7.1.jar;C:\Users\Mypc\.m2\repository\org\slf4j\slf4j-api\1.7.36\slf4j-api-1.7.36.jar;C:\Users\Mypc\.m2\repository\com\beust\jcommander\1.82\jcommander-1.82.jar;C:\Users\Mypc\.m2\repository\org\webjars\jquery\3.6.1\jquery-3.6.1.jar;C:\Users\Mypc\.m2\repository\com\aventstack\extentreports\5.0.7\extentreports-5.0.7.jar;C:\Users\Mypc\.m2\repository\io\reactivex\rxjava3\rxjava\3.0.4\rxjava-3.0.4.jar;C:\Users\Mypc\.m2\repository\org\reactivestreams\reactive-streams\1.0.3\reactive-streams-1.0.3.jar;C:\Users\Mypc\.m2\repository\org\freemarker\freemarker\2.3.30\freemarker-2.3.30.jar;C:\Users\Mypc\.m2\repository\org\projectlombok\lombok\1.18.12\lombok-1.18.12.jar;C:\Users\Mypc\.m2\repository\com\google\code\gson\gson\2.8.6\gson-2.8.6.jar;"/>
    <property name="java.vm.vendor" value="Oracle Corporation"/>
    <property name="sun.arch.data.model" value="64"/>
    <property name="user.variant" value=""/>
    <property name="java.vendor.url" value="https://java.oracle.com/"/>
    <property name="user.timezone" value="Asia/Calcutta"/>
    <property name="os.name" value="Windows 10"/>
    <property name="java.vm.specification.version" value="14"/>
    <property name="sun.java.launcher" value="SUN_STANDARD"/>
    <property name="user.country" value="US"/>
    <property name="sun.boot.library.path" value="C:\Program Files\Java\jdk-14\bin"/>
    <property name="sun.java.command" value="C:\Users\Mypc\AppData\Local\Temp\surefire16382026118813598422\surefirebooter-20230728153756761_3.jar C:\Users\Mypc\AppData\Local\Temp\surefire16382026118813598422 2023-07-28T15-37-55_665-jvmRun1 surefire-20230728153756761_1tmp surefire_0-20230728153756761_2tmp"/>
    <property name="jdk.debug" value="release"/>
    <property name="surefire.test.class.path" value="C:\Users\Mypc\Desktop\Maven\springapp\target\test-classes;C:\Users\Mypc\Desktop\Maven\springapp\target\classes;C:\Users\Mypc\.m2\repository\junit\junit\4.11\junit-4.11.jar;C:\Users\Mypc\.m2\repository\org\hamcrest\hamcrest-core\1.3\hamcrest-core-1.3.jar;C:\Users\Mypc\.m2\repository\org\seleniumhq\selenium\selenium-java\3.141.59\selenium-java-3.141.59.jar;C:\Users\Mypc\.m2\repository\org\seleniumhq\selenium\selenium-api\3.141.59\selenium-api-3.141.59.jar;C:\Users\Mypc\.m2\repository\org\seleniumhq\selenium\selenium-chrome-driver\3.141.59\selenium-chrome-driver-3.141.59.jar;C:\Users\Mypc\.m2\repository\org\seleniumhq\selenium\selenium-edge-driver\3.141.59\selenium-edge-driver-3.141.59.jar;C:\Users\Mypc\.m2\repository\org\seleniumhq\selenium\selenium-firefox-driver\3.141.59\selenium-firefox-driver-3.141.59.jar;C:\Users\Mypc\.m2\repository\org\seleniumhq\selenium\selenium-ie-driver\3.141.59\selenium-ie-driver-3.141.59.jar;C:\Users\Mypc\.m2\repository\org\seleniumhq\selenium\selenium-opera-driver\3.141.59\selenium-opera-driver-3.141.59.jar;C:\Users\Mypc\.m2\repository\org\seleniumhq\selenium\selenium-remote-driver\3.141.59\selenium-remote-driver-3.141.59.jar;C:\Users\Mypc\.m2\repository\org\seleniumhq\selenium\selenium-safari-driver\3.141.59\selenium-safari-driver-3.141.59.jar;C:\Users\Mypc\.m2\repository\org\seleniumhq\selenium\selenium-support\3.141.59\selenium-support-3.141.59.jar;C:\Users\Mypc\.m2\repository\net\bytebuddy\byte-buddy\1.8.15\byte-buddy-1.8.15.jar;C:\Users\Mypc\.m2\repository\org\apache\commons\commons-exec\1.3\commons-exec-1.3.jar;C:\Users\Mypc\.m2\repository\com\google\guava\guava\25.0-jre\guava-25.0-jre.jar;C:\Users\Mypc\.m2\repository\com\google\code\findbugs\jsr305\1.3.9\jsr305-1.3.9.jar;C:\Users\Mypc\.m2\repository\org\checkerframework\checker-compat-qual\2.0.0\checker-compat-qual-2.0.0.jar;C:\Users\Mypc\.m2\repository\com\google\errorprone\error_prone_annotations\2.1.3\error_prone_annotations-2.1.3.jar;C:\Users\Mypc\.m2\repository\com\google\j2objc\j2objc-annotations\1.1\j2objc-annotations-1.1.jar;C:\Users\Mypc\.m2\repository\org\codehaus\mojo\animal-sniffer-annotations\1.14\animal-sniffer-annotations-1.14.jar;C:\Users\Mypc\.m2\repository\com\squareup\okhttp3\okhttp\3.11.0\okhttp-3.11.0.jar;C:\Users\Mypc\.m2\repository\com\squareup\okio\okio\1.14.0\okio-1.14.0.jar;C:\Users\Mypc\.m2\repository\org\testng\testng\7.7.1\testng-7.7.1.jar;C:\Users\Mypc\.m2\repository\org\slf4j\slf4j-api\1.7.36\slf4j-api-1.7.36.jar;C:\Users\Mypc\.m2\repository\com\beust\jcommander\1.82\jcommander-1.82.jar;C:\Users\Mypc\.m2\repository\org\webjars\jquery\3.6.1\jquery-3.6.1.jar;C:\Users\Mypc\.m2\repository\com\aventstack\extentreports\5.0.7\extentreports-5.0.7.jar;C:\Users\Mypc\.m2\repository\io\reactivex\rxjava3\rxjava\3.0.4\rxjava-3.0.4.jar;C:\Users\Mypc\.m2\repository\org\reactivestreams\reactive-streams\1.0.3\reactive-streams-1.0.3.jar;C:\Users\Mypc\.m2\repository\org\freemarker\freemarker\2.3.30\freemarker-2.3.30.jar;C:\Users\Mypc\.m2\repository\org\projectlombok\lombok\1.18.12\lombok-1.18.12.jar;C:\Users\Mypc\.m2\repository\com\google\code\gson\gson\2.8.6\gson-2.8.6.jar;"/>
    <property name="sun.cpu.endian" value="little"/>
    <property name="user.home" value="C:\Users\Mypc"/>
    <property name="user.language" value="en"/>
    <property name="java.specification.vendor" value="Oracle Corporation"/>
    <property name="java.version.date" value="2020-03-17"/>
    <property name="java.home" value="C:\Program Files\Java\jdk-14"/>
    <property name="file.separator" value="\"/>
    <property name="basedir" value="C:\Users\Mypc\Desktop\Maven\springapp"/>
    <property name="java.vm.compressedOopsMode" value="32-bit"/>
    <property name="line.separator" value="&#10;"/>
    <property name="java.vm.specification.vendor" value="Oracle Corporation"/>
    <property name="java.specification.name" value="Java Platform API Specification"/>
    <property name="surefire.real.class.path" value="C:\Users\Mypc\AppData\Local\Temp\surefire16382026118813598422\surefirebooter-20230728153756761_3.jar"/>
    <property name="user.script" value=""/>
    <property name="sun.management.compiler" value="HotSpot 64-Bit Tiered Compilers"/>
    <property name="java.runtime.version" value="14+36-1461"/>
    <property name="user.name" value="Mypc"/>
    <property name="path.separator" value=";"/>
    <property name="os.version" value="10.0"/>
    <property name="java.runtime.name" value="Java(TM) SE Runtime Environment"/>
    <property name="file.encoding" value="Cp1252"/>
    <property name="java.vm.name" value="Java HotSpot(TM) 64-Bit Server VM"/>
    <property name="localRepository" value="C:\Users\Mypc\.m2\repository"/>
    <property name="java.vendor.url.bug" value="https://bugreport.java.com/bugreport/"/>
    <property name="java.io.tmpdir" value="C:\Users\Mypc\AppData\Local\Temp\"/>
    <property name="java.version" value="14"/>
    <property name="user.dir" value="C:\Users\Mypc\Desktop\Maven\springapp"/>
    <property name="os.arch" value="amd64"/>
    <property name="java.vm.specification.name" value="Java Virtual Machine Specification"/>
    <property name="sun.os.patch.level" value=""/>
    <property name="java.library.path" value="C:\Program Files\Java\jdk-14\bin;C:\WINDOWS\Sun\Java\bin;C:\WINDOWS\system32;C:\WINDOWS;C:\Users\Mypc\bin;E:\Git\mingw64\bin;E:\Git\usr\local\bin;E:\Git\usr\bin;E:\Git\usr\bin;E:\Git\mingw64\bin;E:\Git\usr\bin;C:\Users\Mypc\bin;E:\db_home\bin;C:\WINDOWS\system32;C:\WINDOWS;C:\WINDOWS\System32\Wbem;C:\WINDOWS\System32\WindowsPowerShell\v1.0;C:\WINDOWS\System32\OpenSSH;C:\Program Files\Java\jdk-14\bin;C:\Program Files (x86)\CodeBlocks\MinGW\bin;C:\Users\Mypc\AppData\Local\Android\Sdk\platforms;C:\Users\Mypc\AppData\Local\Android\Sdk\platform-tools;C:\Users\Mypc\AppData\Local\Android\Sdk;C:\Users\Mypc\AppData\Local\Android\Sdk\emulator;E:\Git\cmd;E:\nodejs;C:\Program Files\Maven\apache-maven-3.9.1\bin;C:\Users\Mypc\AppData\Local\Microsoft\WindowsApps;C:\Program Files\Java\jdk-14\bin;C:\Users\Mypc\AppData\Local\Android\Sdk;E:\Microsoft VS Code\bin;E:\flutter\bin;C:\Users\Mypc\AppData\Roaming\npm;E:\Git\usr\bin\vendor_perl;E:\Git\usr\bin\core_perl;."/>
    <property name="java.vm.info" value="mixed mode, sharing"/>
    <property name="java.vendor" value="Oracle Corporation"/>
    <property name="java.vm.version" value="14+36-1461"/>
    <property name="sun.io.unicode.encoding" value="UnicodeLittle"/>
    <property name="java.class.version" value="58.0"/>
  </properties>
  <testcase name="AdminLoginWithInValidDetails" classname="TestCaseClasses.LoginTest" time="23.866">
    <system-out><![CDATA[

 || TESTSUITE STARTED ||


|| LOGIN ||

 Invalid Login Details Check
]]></system-out>
    <system-err><![CDATA[SLF4J: Failed to load class "org.slf4j.impl.StaticLoggerBinder".
SLF4J: Defaulting to no-operation (NOP) logger implementation
SLF4J: See http://www.slf4j.org/codes.html#StaticLoggerBinder for further details.
Starting ChromeDriver 114.0.5735.90 (386bc09e8f4f2e025eddae123f36f6263096ae49-refs/branch-heads/5735@{#1052}) on port 41290
Only local connections are allowed.
Please see https://chromedriver.chromium.org/security-considerations for suggestions on keeping ChromeDriver safe.
ChromeDriver was started successfully.
[1690538892.390][WARNING]: This version of ChromeDriver has not been tested with Chrome version 115.
Jul 28, 2023 3:38:12 PM org.openqa.selenium.remote.ProtocolHandshake createSession
INFO: Detected dialect: W3C
]]></system-err>
  </testcase>
  <testcase name="AdminLoginWithValidDetails" classname="TestCaseClasses.LoginTest" time="5.932">
    <system-out><![CDATA[
 Valid Login Details Check
]]></system-out>
  </testcase>
  <testcase name="AdminLogout" classname="TestCaseClasses.LogoutTest" time="19.038"/>
  <testcase name="home" classname="TestCaseClasses.userNavbarTest" time="21.732">
    <system-out><![CDATA[Home 

]]></system-out>
  </testcase>
  <testcase name="about" classname="TestCaseClasses.userNavbarTest" time="11.239">
    <system-out><![CDATA[About Us 

]]></system-out>
  </testcase>
  <testcase name="arttype" classname="TestCaseClasses.userNavbarTest" time="0.676">
    <system-out><![CDATA[Art Type:- 
option name:Serigraphs
option name:Prints
option name:Painting
option name:Street Art
option name:Visual art 
option name:Conceptual art
option name:painting
option name:illustration
]]></system-out>
  </testcase>
  <testcase name="contactus" classname="TestCaseClasses.userNavbarTest" time="1.469">
    <system-out><![CDATA[
Contact Us

]]></system-out>
  </testcase>
  <testcase name="admin" classname="TestCaseClasses.userNavbarTest" time="173.443">
    <system-out><![CDATA[Admin 

]]></system-out>
  </testcase>
  <testcase name="dropdown" classname="TestCaseClasses.userDropdownTest" time="191.445">
    <system-out><![CDATA[Option name: Serigraphs
Page title: Serigraphs


Option name: Prints
Page title: Prints


Option name: Painting
Page title: Painting


Option name: Street Art
Page title: Street Art


Option name: Visual art 
Page title: Visual art


Option name: Conceptual art
Page title: Conceptual art


Option name: painting
Page title: painting


Option name: illustration
Page title: illustration


]]></system-out>
  </testcase>
  <testcase name="dropdown" classname="TestCaseClasses.userEnquiryTest" time="72.532">
    <system-out><![CDATA[Option Name: Serigraphs
	Serigraphs Product Page
	 No Products Available!


Option Name: Prints
	Prints Product Page
	 No Products Available!


Option Name: Painting
	Painting Product Page
	 No Products Available!


Option Name: Street Art
	Street Art Product Page
	 Art Enquiry button enabled for NIGHT
	 Art Enquiry button enabled for NATURE ILLUSTRATION


Option Name: Visual art 
	Visual art  Product Page
	 Art Enquiry button enabled for ART


Option Name: Conceptual art
	Conceptual art Product Page
	 Art Enquiry button enabled for PATTERNS


Option Name: painting
	painting Product Page
	 Art Enquiry button enabled for RADHAKRISHNA
	 Art Enquiry button enabled for JOKER


Option Name: illustration
	illustration Product Page
	 No Products Available!


]]></system-out>
  </testcase>
  <testcase name="linkcheck" classname="TestCaseClasses.userLinksTest" time="28.813">
    <system-out><![CDATA[Art Gallery Logo Link
	 Page Title: Art Gallery Management System | Home Page

Read more Link
	 Page Title: Art Gallery Management System | About Us Page

Scroll to top Link
	 Page Title: Art Gallery Management System | Home Page

]]></system-out>
  </testcase>
  <testcase name="search" classname="TestCaseClasses.userViewDetatilsTest" time="71.045">
    <system-out><![CDATA[Option Name: Serigraphs
Serigraphs: Product Page
	No Product Available


Option Name: Prints
Prints: Product Page
	No Product Available


Option Name: Painting
Painting: Product Page
	No Product Available


Option Name: Street Art
Street Art: Product Page
Availaible Products- 


NIGHT
Size : Small
Dimension : 500*500
Orientation : Potrait
Art Types : Street Art
Art Medium : Oil on Canvas
Art Reference Number : 365300848



NATURE ILLUSTRATION
Size : Medium
Dimension : 1000
Orientation : Landscape
Art Types : Street Art
Art Medium : Acrylic on canvas
Art Reference Number : 804256536



Option Name: Visual art 
Visual art : Product Page
Availaible Products- 


ART
Size : Medium
Dimension : 736*736
Orientation : Potrait
Art Types : Visual art
Art Medium : Fibre
Art Reference Number : 652700923



Option Name: Conceptual art
Conceptual art: Product Page
Availaible Products- 


PATTERNS
Size : Large
Dimension : 800
Orientation : Landscape
Art Types : Conceptual art
Art Medium : Resin
Art Reference Number : 512478075



Option Name: painting
painting: Product Page
Availaible Products- 


RADHAKRISHNA
Size : Medium
Dimension : 1920*2607
Orientation : Potrait
Art Types : painting
Art Medium : Oil on Canvas
Art Reference Number : 255288886



JOKER
Size : Medium
Dimension : 500
Orientation : Potrait
Art Types : painting
Art Medium : Hand-painted on particle wood/MDF
Art Reference Number : 725932940



Option Name: illustration
illustration: Product Page
	No Product Available


]]></system-out>
  </testcase>
  <testcase name="search" classname="TestCaseClasses.userSearchTest" time="6.244">
    <system-out><![CDATA[Search Result Againt keyword "A"


Search input: A
	Availaible products: 
	 RADHAKRISHNA
	 ART
	 NATURE ILLUSTRATION
	 PATTERNS
]]></system-out>
  </testcase>
</testsuite>