<?xml version="1.0" encoding="UTF-8"?>
<!-- Generated by org.testng.reporters.JUnitReportReporter -->
<testsuite hostname="Anuj" failures="0" tests="1" name="TestCaseClasses.LoginTest" time="34.344" errors="0" timestamp="2023-05-23T20:06:18 IST" skipped="0">
  <testcase classname="TestCaseClasses.LoginTest" name="AdminLoginWithValidDetails" time="34.344"/>
  <system-out/>
</testsuite> <!-- TestCaseClasses.LoginTest -->
