<?xml version="1.0" encoding="UTF-8"?>
<!-- Generated by org.testng.reporters.JUnitReportReporter -->
<testsuite hostname="Anuj" failures="0" tests="6" name="TestCaseClasses.DashboardDetailsTest" time="57.274" errors="0" timestamp="2023-07-26T12:54:47 IST" skipped="0">
  <testcase classname="TestCaseClasses.DashboardDetailsTest" name="artistDetails" time="2.773"/>
  <system-out/>
  <testcase classname="TestCaseClasses.DashboardDetailsTest" name="artTypeDetails" time="2.595"/>
  <system-out/>
  <testcase classname="TestCaseClasses.DashboardDetailsTest" name="artMediumDetails" time="2.821"/>
  <system-out/>
  <testcase classname="TestCaseClasses.DashboardDetailsTest" name="artProductDetails" time="3.261"/>
  <system-out/>
  <testcase classname="TestCaseClasses.DashboardDetailsTest" name="AnsweredEnquiryDetails" time="34.521"/>
  <system-out/>
  <testcase classname="TestCaseClasses.DashboardDetailsTest" name="UnansweredEnquiryDetails" time="11.303"/>
  <system-out/>
</testsuite> <!-- TestCaseClasses.DashboardDetailsTest -->
