<?xml version="1.0" encoding="UTF-8"?>
<!-- Generated by org.testng.reporters.JUnitReportReporter -->
<testsuite hostname="Anuj" failures="0" tests="4" name="TestCaseClasses.DashboardDetailsTest" time="14.357" errors="0" timestamp="2023-05-25T11:44:21 IST" skipped="0">
  <testcase classname="TestCaseClasses.DashboardDetailsTest" name="artMediumDetails" time="3.235"/>
  <system-out/>
  <testcase classname="TestCaseClasses.DashboardDetailsTest" name="artTypeDetails" time="2.840"/>
  <system-out/>
  <testcase classname="TestCaseClasses.DashboardDetailsTest" name="artProductDetails" time="2.406"/>
  <system-out/>
  <testcase classname="TestCaseClasses.DashboardDetailsTest" name="artistDetails" time="5.876"/>
  <system-out/>
</testsuite> <!-- TestCaseClasses.DashboardDetailsTest -->
