<?xml version="1.0" encoding="UTF-8"?>
<!-- Generated by org.testng.reporters.JUnitReportReporter -->
<testsuite hostname="Anuj" failures="0" tests="4" name="TestCaseClasses.DashboardDetailsTest" time="9.542" errors="0" timestamp="2023-06-17T20:37:13 IST" skipped="0">
  <testcase classname="TestCaseClasses.DashboardDetailsTest" name="artistDetails" time="2.420"/>
  <system-out/>
  <testcase classname="TestCaseClasses.DashboardDetailsTest" name="artTypeDetails" time="2.224"/>
  <system-out/>
  <testcase classname="TestCaseClasses.DashboardDetailsTest" name="artMediumDetails" time="2.834"/>
  <system-out/>
  <testcase classname="TestCaseClasses.DashboardDetailsTest" name="artProductDetails" time="2.064"/>
  <system-out/>
</testsuite> <!-- TestCaseClasses.DashboardDetailsTest -->
