<?xml version="1.0" encoding="UTF-8"?>
<!-- Generated by org.testng.reporters.JUnitReportReporter -->
<testsuite hostname="Anuj" failures="0" tests="2" name="TestCaseClasses.LoginTest" time="16.144" errors="0" timestamp="2023-06-17T18:39:19 IST" skipped="0">
  <testcase classname="TestCaseClasses.LoginTest" name="AdminLoginWithInValidDetails" time="12.310"/>
  <system-out/>
  <testcase classname="TestCaseClasses.LoginTest" name="AdminLoginWithValidDetails" time="3.834"/>
  <system-out/>
</testsuite> <!-- TestCaseClasses.LoginTest -->
