<?xml version="1.0" encoding="UTF-8"?>
<!-- Generated by org.testng.reporters.JUnitReportReporter -->
<testsuite hostname="Anuj" failures="0" tests="2" name="TestCaseClasses.LoginTest" time="26.832" errors="0" timestamp="2023-07-15T19:22:55 IST" skipped="0">
  <testcase classname="TestCaseClasses.LoginTest" name="AdminLoginWithValidDetails" time="4.405"/>
  <system-out/>
  <testcase classname="TestCaseClasses.LoginTest" name="AdminLoginWithInValidDetails" time="22.427"/>
  <system-out/>
</testsuite> <!-- TestCaseClasses.LoginTest -->
