<?xml version="1.0" encoding="UTF-8"?>
<!-- Generated by org.testng.reporters.JUnitReportReporter -->
<testsuite hostname="Aditya" failures="0" tests="2" name="TestCaseClasses.LoginTest" time="3.086" errors="0" timestamp="2023-07-13T00:41:48 IST" skipped="0">
  <testcase classname="TestCaseClasses.LoginTest" name="AdminLoginWithInValidDetails" time="1.959"/>
  <system-out/>
  <testcase classname="TestCaseClasses.LoginTest" name="AdminLoginWithValidDetails" time="1.127"/>
  <system-out/>
</testsuite> <!-- TestCaseClasses.LoginTest -->
