<?xml version="1.0" encoding="UTF-8"?>
<!-- Generated by org.testng.reporters.JUnitReportReporter -->
<testsuite hostname="Anuj" failures="0" tests="2" name="TestCaseClasses.LoginTest" time="22.715" errors="0" timestamp="2023-07-19T18:52:04 IST" skipped="0">
  <testcase classname="TestCaseClasses.LoginTest" name="AdminLoginWithInValidDetails" time="11.508"/>
  <system-out/>
  <testcase classname="TestCaseClasses.LoginTest" name="AdminLoginWithValidDetails" time="11.207"/>
  <system-out/>
</testsuite> <!-- TestCaseClasses.LoginTest -->
