<?xml version="1.0" encoding="UTF-8"?>
<!-- Generated by org.testng.reporters.JUnitReportReporter -->
<testsuite hostname="Anuj" failures="0" tests="6" name="TestCaseClasses.DashboardDetailsTest" time="62.121" errors="0" timestamp="2023-07-23T11:39:22 IST" skipped="0">
  <testcase classname="TestCaseClasses.DashboardDetailsTest" name="artistDetails" time="5.281"/>
  <system-out/>
  <testcase classname="TestCaseClasses.DashboardDetailsTest" name="artTypeDetails" time="3.814"/>
  <system-out/>
  <testcase classname="TestCaseClasses.DashboardDetailsTest" name="artMediumDetails" time="4.268"/>
  <system-out/>
  <testcase classname="TestCaseClasses.DashboardDetailsTest" name="artProductDetails" time="4.353"/>
  <system-out/>
  <testcase classname="TestCaseClasses.DashboardDetailsTest" name="AnsweredEnquiryDetails" time="35.091"/>
  <system-out/>
  <testcase classname="TestCaseClasses.DashboardDetailsTest" name="UnansweredEnquiryDetails" time="9.314"/>
  <system-out/>
</testsuite> <!-- TestCaseClasses.DashboardDetailsTest -->
