<?xml version="1.0" encoding="UTF-8"?>
<!-- Generated by org.testng.reporters.JUnitReportReporter -->
<testsuite hostname="Anuj" failures="0" tests="2" name="TestCaseClasses.LoginTest" time="10.341" errors="0" timestamp="2023-07-23T11:39:22 IST" skipped="0">
  <testcase classname="TestCaseClasses.LoginTest" name="AdminLoginWithValidDetails" time="3.990"/>
  <system-out/>
  <testcase classname="TestCaseClasses.LoginTest" name="AdminLoginWithInValidDetails" time="6.351"/>
  <system-out/>
</testsuite> <!-- TestCaseClasses.LoginTest -->
