<?xml version="1.0" encoding="UTF-8"?>
<!-- Generated by org.testng.reporters.JUnitReportReporter -->
<testsuite hostname="Anuj" failures="0" tests="6" name="TestCaseClasses.DashboardDetailsTest" time="82.725" errors="0" timestamp="2023-07-24T12:37:15 IST" skipped="0">
  <testcase classname="TestCaseClasses.DashboardDetailsTest" name="artistDetails" time="4.192"/>
  <system-out/>
  <testcase classname="TestCaseClasses.DashboardDetailsTest" name="artTypeDetails" time="5.175"/>
  <system-out/>
  <testcase classname="TestCaseClasses.DashboardDetailsTest" name="artMediumDetails" time="4.798"/>
  <system-out/>
  <testcase classname="TestCaseClasses.DashboardDetailsTest" name="artProductDetails" time="6.511"/>
  <system-out/>
  <testcase classname="TestCaseClasses.DashboardDetailsTest" name="AnsweredEnquiryDetails" time="51.977"/>
  <system-out/>
  <testcase classname="TestCaseClasses.DashboardDetailsTest" name="UnansweredEnquiryDetails" time="10.072"/>
  <system-out/>
</testsuite> <!-- TestCaseClasses.DashboardDetailsTest -->
