<?xml version="1.0" encoding="UTF-8"?>
<!-- Generated by org.testng.reporters.JUnitReportReporter -->
<testsuite hostname="Anuj" failures="0" tests="2" name="TestCaseClasses.LoginTest" time="12.462" errors="0" timestamp="2023-06-25T18:41:36 IST" skipped="0">
  <testcase classname="TestCaseClasses.LoginTest" name="AdminLoginWithInValidDetails" time="8.169"/>
  <system-out/>
  <testcase classname="TestCaseClasses.LoginTest" name="AdminLoginWithValidDetails" time="4.293"/>
  <system-out/>
</testsuite> <!-- TestCaseClasses.LoginTest -->
