<?xml version="1.0" encoding="UTF-8"?>
<!-- Generated by org.testng.reporters.JUnitReportReporter -->
<testsuite hostname="Anuj" failures="0" tests="2" name="TestCaseClasses.LoginTest" time="48.476" errors="0" timestamp="2023-06-25T17:40:15 IST" skipped="0">
  <testcase classname="TestCaseClasses.LoginTest" name="AdminLoginWithInValidDetails" time="28.605"/>
  <system-out/>
  <testcase classname="TestCaseClasses.LoginTest" name="AdminLoginWithValidDetails" time="19.871"/>
  <system-out/>
</testsuite> <!-- TestCaseClasses.LoginTest -->
