<?xml version="1.0" encoding="UTF-8"?>
<!-- Generated by org.testng.reporters.JUnitReportReporter -->
<testsuite hostname="Anuj" failures="0" tests="6" name="TestCaseClasses.DashboardDetailsTest" time="48.030" errors="0" timestamp="2023-07-15T19:22:55 IST" skipped="0">
  <testcase classname="TestCaseClasses.DashboardDetailsTest" name="artistDetails" time="5.812"/>
  <system-out/>
  <testcase classname="TestCaseClasses.DashboardDetailsTest" name="artTypeDetails" time="6.034"/>
  <system-out/>
  <testcase classname="TestCaseClasses.DashboardDetailsTest" name="artMediumDetails" time="3.640"/>
  <system-out/>
  <testcase classname="TestCaseClasses.DashboardDetailsTest" name="artProductDetails" time="4.085"/>
  <system-out/>
  <testcase classname="TestCaseClasses.DashboardDetailsTest" name="AnsweredEnquiryDetails" time="22.041"/>
  <system-out/>
  <testcase classname="TestCaseClasses.DashboardDetailsTest" name="UnansweredEnquiryDetails" time="6.418"/>
  <system-out/>
</testsuite> <!-- TestCaseClasses.DashboardDetailsTest -->
